[2022-01-13 11:25:54.774] [exthost] [info] Extension host with pid 23676 started
[2022-01-13 11:25:54.827] [exthost] [info] ExtensionService#_doActivateExtension vscode.microsoft-authentication, startup: false, activationEvent: 'onAuthenticationRequest:microsoft'
[2022-01-13 11:25:54.858] [exthost] [info] ExtensionService#_doActivateExtension vscode.debug-auto-launch, startup: true, activationEvent: '*'
[2022-01-13 11:25:54.861] [exthost] [info] ExtensionService#_doActivateExtension vscode.git-base, startup: true, activationEvent: '*', root cause: vscode.github
[2022-01-13 11:25:54.864] [exthost] [info] ExtensionService#_doActivateExtension CoenraadS.bracket-pair-colorizer, startup: true, activationEvent: '*'
[2022-01-13 11:25:55.181] [exthost] [info] ExtensionService#_doActivateExtension naumovs.color-highlight, startup: true, activationEvent: '*'
[2022-01-13 11:25:55.313] [exthost] [info] ExtensionService#_doActivateExtension vscode.git, startup: true, activationEvent: '*'
[2022-01-13 11:25:55.373] [exthost] [info] ExtensionService#_doActivateExtension vscode.github, startup: true, activationEvent: '*'
[2022-01-13 11:25:55.413] [exthost] [info] Eager extensions activated
[2022-01-13 11:25:55.423] [exthost] [info] ExtensionService#_doActivateExtension vscode.emmet, startup: false, activationEvent: 'onStartupFinished'
[2022-01-13 11:25:55.438] [exthost] [info] ExtensionService#_doActivateExtension vscode.merge-conflict, startup: false, activationEvent: 'onStartupFinished'
[2022-01-13 11:25:55.442] [exthost] [info] ExtensionService#_doActivateExtension CoenraadS.bracket-pair-colorizer-2, startup: false, activationEvent: 'onStartupFinished'
[2022-01-13 11:25:56.031] [exthost] [info] ExtensionService#_doActivateExtension vscode.github-authentication, startup: false, activationEvent: 'onAuthenticationRequest:github'
[2022-01-13 11:26:18.097] [exthost] [info] extension host terminating: renderer closed the socket
[2022-01-13 11:26:18.109] [exthost] [info] Extension host with pid 23676 exiting with code 0
[2022-01-13 11:26:20.729] [exthost] [info] Extension host with pid 23763 started
[2022-01-13 11:26:20.729] [exthost] [info] Skipping acquiring lock for /home/dev/Desktop/project/~/.vscode-root/User/workspaceStorage/2547fc30fdd84ad558dee30f258953ba.
[2022-01-13 11:26:20.856] [exthost] [info] ExtensionService#_doActivateExtension vscode.microsoft-authentication, startup: false, activationEvent: 'onAuthenticationRequest:microsoft'
[2022-01-13 11:26:20.863] [exthost] [info] ExtensionService#_doActivateExtension vscode.debug-auto-launch, startup: true, activationEvent: '*'
[2022-01-13 11:26:20.866] [exthost] [info] ExtensionService#_doActivateExtension vscode.git-base, startup: true, activationEvent: '*', root cause: vscode.github
[2022-01-13 11:26:20.868] [exthost] [info] ExtensionService#_doActivateExtension naumovs.color-highlight, startup: true, activationEvent: '*'
[2022-01-13 11:26:20.883] [exthost] [info] ExtensionService#_doActivateExtension vscode.github, startup: true, activationEvent: '*'
[2022-01-13 11:26:20.897] [exthost] [info] Eager extensions activated
[2022-01-13 11:26:20.904] [exthost] [info] ExtensionService#_doActivateExtension vscode.emmet, startup: false, activationEvent: 'onStartupFinished'
[2022-01-13 11:26:20.908] [exthost] [info] ExtensionService#_doActivateExtension vscode.merge-conflict, startup: false, activationEvent: 'onStartupFinished'
[2022-01-13 11:26:20.922] [exthost] [info] ExtensionService#_doActivateExtension vscode.github-authentication, startup: false, activationEvent: 'onAuthenticationRequest:github'
[2022-01-13 11:26:22.633] [exthost] [info] ExtensionService#_doActivateExtension vscode.git, startup: false, activationEvent: 'api', root cause: vscode.github
[2022-01-13 11:26:22.647] [exthost] [info] ExtensionService#_doActivateExtension CoenraadS.bracket-pair-colorizer, startup: false, activationEvent: '*'
[2022-01-13 11:26:22.656] [exthost] [info] ExtensionService#_doActivateExtension CoenraadS.bracket-pair-colorizer-2, startup: false, activationEvent: 'onStartupFinished'
[2022-01-13 11:26:22.796] [exthost] [warning] [Decorations] CAPPING events from decorations provider vscode.git 329
[2022-01-13 11:26:26.053] [exthost] [warning] [Decorations] CAPPING events from decorations provider vscode.git 329
[2022-01-13 11:26:31.118] [exthost] [warning] [Decorations] CAPPING events from decorations provider vscode.git 331
[2022-01-13 11:26:36.177] [exthost] [warning] [Decorations] CAPPING events from decorations provider vscode.git 333
[2022-01-13 11:26:40.928] [exthost] [info] extension host terminating: renderer closed the socket
[2022-01-13 11:26:40.944] [exthost] [info] Extension host with pid 23763 exiting with code 0
[2022-01-13 11:26:42.398] [exthost] [info] Extension host with pid 23858 started
[2022-01-13 11:26:42.398] [exthost] [info] Skipping acquiring lock for /home/dev/Desktop/project/~/.vscode-root/User/workspaceStorage/bf0e879d2c9c8bc2b2981c2afe9bce59.
[2022-01-13 11:26:42.498] [exthost] [info] ExtensionService#_doActivateExtension vscode.microsoft-authentication, startup: false, activationEvent: 'onAuthenticationRequest:microsoft'
[2022-01-13 11:26:42.505] [exthost] [info] ExtensionService#_doActivateExtension vscode.debug-auto-launch, startup: true, activationEvent: '*'
[2022-01-13 11:26:42.507] [exthost] [info] ExtensionService#_doActivateExtension vscode.git-base, startup: true, activationEvent: '*', root cause: vscode.github
[2022-01-13 11:26:42.509] [exthost] [info] ExtensionService#_doActivateExtension CoenraadS.bracket-pair-colorizer, startup: true, activationEvent: '*'
[2022-01-13 11:26:42.517] [exthost] [info] ExtensionService#_doActivateExtension naumovs.color-highlight, startup: true, activationEvent: '*'
[2022-01-13 11:26:42.552] [exthost] [info] ExtensionService#_doActivateExtension vscode.git, startup: true, activationEvent: '*'
[2022-01-13 11:26:42.570] [exthost] [info] ExtensionService#_doActivateExtension vscode.github, startup: true, activationEvent: '*'
[2022-01-13 11:26:42.618] [exthost] [info] Eager extensions activated
[2022-01-13 11:26:42.620] [exthost] [info] ExtensionService#_doActivateExtension vscode.github-authentication, startup: false, activationEvent: 'onAuthenticationRequest:github'
[2022-01-13 11:26:42.657] [exthost] [info] ExtensionService#_doActivateExtension vscode.emmet, startup: false, activationEvent: 'onStartupFinished'
[2022-01-13 11:26:42.662] [exthost] [info] ExtensionService#_doActivateExtension vscode.merge-conflict, startup: false, activationEvent: 'onStartupFinished'
[2022-01-13 11:26:42.664] [exthost] [info] ExtensionService#_doActivateExtension CoenraadS.bracket-pair-colorizer-2, startup: false, activationEvent: 'onStartupFinished'
[2022-01-13 11:26:42.815] [exthost] [warning] [Decorations] CAPPING events from decorations provider vscode.git 343
[2022-01-13 11:26:53.888] [exthost] [warning] [Decorations] CAPPING events from decorations provider vscode.git 343
[2022-01-13 11:26:59.033] [exthost] [warning] [Decorations] CAPPING events from decorations provider vscode.git 341
[2022-01-13 11:27:04.406] [exthost] [warning] [Decorations] CAPPING events from decorations provider vscode.git 342
[2022-01-13 11:27:09.517] [exthost] [warning] [Decorations] CAPPING events from decorations provider vscode.git 315
[2022-01-13 11:27:14.617] [exthost] [warning] [Decorations] CAPPING events from decorations provider vscode.git 318
[2022-01-13 11:27:16.426] [exthost] [info] ExtensionService#_doActivateExtension batisteo.vscode-django, startup: false, activationEvent: 'onLanguage:python'
[2022-01-13 11:27:16.480] [exthost] [info] ExtensionService#_doActivateExtension KevinRose.vsc-python-indent, startup: false, activationEvent: 'onLanguage:python'
[2022-01-13 11:27:16.487] [exthost] [info] ExtensionService#_doActivateExtension ms-python.python, startup: false, activationEvent: 'onLanguage:python', root cause: ms-python.vscode-pylance
[2022-01-13 11:27:16.728] [exthost] [info] ExtensionService#_doActivateExtension ms-toolsai.jupyter, startup: false, activationEvent: 'onLanguage:python'
[2022-01-13 11:27:17.350] [exthost] [info] ExtensionService#_doActivateExtension njpwerner.autodocstring, startup: false, activationEvent: 'onLanguage:python'
[2022-01-13 11:27:17.364] [exthost] [info] ExtensionService#_doActivateExtension VisualStudioExptTeam.vscodeintellicode, startup: false, activationEvent: 'onLanguage:python'
[2022-01-13 11:27:18.077] [exthost] [info] ExtensionService#_doActivateExtension vscode.configuration-editing, startup: false, activationEvent: 'onLanguage:jsonc'
[2022-01-13 11:27:18.112] [exthost] [info] ExtensionService#_doActivateExtension vscode.json-language-features, startup: false, activationEvent: 'onLanguage:jsonc'
[2022-01-13 11:27:18.186] [exthost] [info] ExtensionService#_doActivateExtension vscode.typescript-language-features, startup: false, activationEvent: 'onLanguage:jsonc'
[2022-01-13 11:27:19.697] [exthost] [warning] [Decorations] CAPPING events from decorations provider vscode.git 327
[2022-01-13 11:27:20.974] [exthost] [info] ExtensionService#_doActivateExtension ms-python.vscode-pylance, startup: false, activationEvent: 'api', root cause: VisualStudioExptTeam.vscodeintellicode
[2022-01-13 11:27:26.567] [exthost] [warning] [Decorations] CAPPING events from decorations provider vscode.git 344
[2022-01-13 11:27:31.628] [exthost] [warning] [Decorations] CAPPING events from decorations provider vscode.git 382
[2022-01-13 11:27:36.716] [exthost] [warning] [Decorations] CAPPING events from decorations provider vscode.git 383
[2022-01-13 11:27:41.795] [exthost] [warning] [Decorations] CAPPING events from decorations provider vscode.git 383
[2022-01-13 11:27:46.865] [exthost] [warning] [Decorations] CAPPING events from decorations provider vscode.git 383
[2022-01-13 11:27:51.944] [exthost] [warning] [Decorations] CAPPING events from decorations provider vscode.git 383
[2022-01-13 11:27:57.022] [exthost] [warning] [Decorations] CAPPING events from decorations provider vscode.git 383
[2022-01-13 11:28:02.098] [exthost] [warning] [Decorations] CAPPING events from decorations provider vscode.git 383
[2022-01-13 11:28:07.211] [exthost] [warning] [Decorations] CAPPING events from decorations provider vscode.git 383
[2022-01-13 11:28:12.326] [exthost] [warning] [Decorations] CAPPING events from decorations provider vscode.git 383
[2022-01-13 11:28:17.437] [exthost] [warning] [Decorations] CAPPING events from decorations provider vscode.git 383
[2022-01-13 11:28:22.540] [exthost] [warning] [Decorations] CAPPING events from decorations provider vscode.git 383
[2022-01-13 11:28:27.618] [exthost] [warning] [Decorations] CAPPING events from decorations provider vscode.git 383
[2022-01-13 11:28:32.725] [exthost] [warning] [Decorations] CAPPING events from decorations provider vscode.git 383
[2022-01-13 11:28:37.796] [exthost] [warning] [Decorations] CAPPING events from decorations provider vscode.git 383
[2022-01-13 11:28:42.872] [exthost] [warning] [Decorations] CAPPING events from decorations provider vscode.git 383
[2022-01-13 11:28:51.859] [exthost] [warning] [Decorations] CAPPING events from decorations provider vscode.git 383
[2022-01-13 11:29:32.915] [exthost] [warning] [Decorations] CAPPING events from decorations provider vscode.git 383
[2022-01-13 11:30:11.181] [exthost] [warning] [Decorations] CAPPING events from decorations provider vscode.git 383
[2022-01-13 11:33:01.918] [exthost] [warning] [Decorations] CAPPING events from decorations provider vscode.git 381
[2022-01-13 11:33:06.986] [exthost] [warning] [Decorations] CAPPING events from decorations provider vscode.git 381
[2022-01-13 11:33:12.096] [exthost] [warning] [Decorations] CAPPING events from decorations provider vscode.git 381
