[Info  - 11:27:22 AM] Pylance language server 2022.1.1 (pyright 4f61d443) starting
[Info  - 11:27:22 AM] Server root directory: /root/.vscode/extensions/ms-python.vscode-pylance-2022.1.1/dist
[Info  - 11:27:22 AM] No configuration file found.
[Info  - 11:27:22 AM] No pyproject.toml file found.
[Info  - 11:27:22 AM] Setting pythonPath for service "Desktop": "/bin/python3.9"
[Warn  - 11:27:22 AM] stubPath /home/dev/Desktop/typings is not a valid directory.
[Info  - 11:27:22 AM] Assuming Python version 3.9
[Info  - 11:27:22 AM] Assuming Python platform Linux
[Warn  - 11:27:23 AM] Exception received when installing file system watcher: TypeError [ERR_FEATURE_UNAVAILABLE_ON_PLATFORM]: The feature watch recursively is unavailable on the current platform, which is being used to run Node.js
[Warn  - 11:27:23 AM] Exception received when installing file system watcher: TypeError [ERR_FEATURE_UNAVAILABLE_ON_PLATFORM]: The feature watch recursively is unavailable on the current platform, which is being used to run Node.js
[Warn  - 11:27:23 AM] Exception received when installing file system watcher: TypeError [ERR_FEATURE_UNAVAILABLE_ON_PLATFORM]: The feature watch recursively is unavailable on the current platform, which is being used to run Node.js
[Warn  - 11:27:23 AM] Exception received when installing file system watcher: TypeError [ERR_FEATURE_UNAVAILABLE_ON_PLATFORM]: The feature watch recursively is unavailable on the current platform, which is being used to run Node.js
[Info  - 11:27:23 AM] Searching for source files
[Info  - 11:27:23 AM] Auto-excluding /home/dev/Desktop/project/venv
[Info  - 11:27:23 AM] Auto-excluding /home/dev/Desktop/project-backup/venv
[Info  - 11:27:23 AM] Auto-excluding /home/dev/Desktop/tutorial/env
[Info  - 11:27:23 AM] Found 141 source files
[Info  - 11:27:23 AM] Background analysis(1) root directory: /root/.vscode/extensions/ms-python.vscode-pylance-2022.1.1/dist
[Info  - 11:27:23 AM] Background analysis(1) started
[Info  - 11:27:23 AM] Indexer background runner(2) root directory: /root/.vscode/extensions/ms-python.vscode-pylance-2022.1.1/dist
[Info  - 11:27:23 AM] Indexing(2) started
[Info  - 11:27:23 AM] Searching for source files
[Info  - 11:27:23 AM] Auto-excluding /home/dev/Desktop/project/venv
[Info  - 11:27:23 AM] Auto-excluding /home/dev/Desktop/project-backup/venv
[Info  - 11:27:23 AM] Auto-excluding /home/dev/Desktop/tutorial/env
[Info  - 11:27:23 AM] Found 141 source files
[Info  - 11:27:26 AM] [IDX(2)] Long operation: index execution environment /home/dev/Desktop (2307ms)
[Info  - 11:27:26 AM] [IDX(2)] Long operation: index libraries /home/dev/Desktop (3332ms)
[Info  - 11:27:26 AM] Indexer done(2). indexed 447 files
[Info  - 11:27:42 AM] Searching for source files
[Info  - 11:27:42 AM] Auto-excluding /home/dev/Desktop/project/venv
[Info  - 11:27:42 AM] Auto-excluding /home/dev/Desktop/project-backup/venv
[Info  - 11:27:42 AM] Auto-excluding /home/dev/Desktop/tutorial/env
[Info  - 11:27:42 AM] Found 141 source files
[Info  - 11:30:21 AM] Searching for source files
[Info  - 11:30:21 AM] Auto-excluding /home/dev/Desktop/project/venv
[Info  - 11:30:21 AM] Auto-excluding /home/dev/Desktop/project-backup/venv
[Info  - 11:30:21 AM] Auto-excluding /home/dev/Desktop/tutorial/env
[Info  - 11:30:21 AM] Found 141 source files
[Info  - 11:33:04 AM] Searching for source files
[Info  - 11:33:04 AM] Auto-excluding /home/dev/Desktop/project/venv
[Info  - 11:33:04 AM] Auto-excluding /home/dev/Desktop/project-backup/venv
[Info  - 11:33:04 AM] Auto-excluding /home/dev/Desktop/tutorial/env
[Info  - 11:33:04 AM] Found 141 source files
[Info  - 11:33:16 AM] Searching for source files
[Info  - 11:33:16 AM] Auto-excluding /home/dev/Desktop/project/venv
[Info  - 11:33:16 AM] Auto-excluding /home/dev/Desktop/project-backup/venv
[Info  - 11:33:16 AM] Auto-excluding /home/dev/Desktop/tutorial/env
[Info  - 11:33:16 AM] Found 141 source files
