Jupyter Extension Version: 2021.11.1001550889.
Python Extension Verison: 2021.12.1559732655.
Info 11:27:17: Experimentation service retrieved: [object Object]
Error 11:27:17: Exception while attempting zmq : [Error: /snap/core/current/usr/lib/x86_64-linux-gnu/libstdc++.so.6: version `GLIBCXX_3.4.22' not found (required by /root/.vscode/extensions/ms-toolsai.jupyter-2021.11.1001550889/out/client/node_modules/zeromq/prebuilds/linux-x64/electron.napi.glibc.node)
	at process.func [as dlopen] (electron/js2c/asar_bundle.js:5:1846)
	at Object.Module._extensions..node (internal/modules/cjs/loader.js:1185:18)
	at Object.func [as .node] (electron/js2c/asar_bundle.js:5:1846)
	at Module.load (internal/modules/cjs/loader.js:982:32)
	at Module._load (internal/modules/cjs/loader.js:823:14)
	at Function.f._load (electron/js2c/asar_bundle.js:5:12913)
	at Function.t._load (/snap/code/85/usr/share/code/resources/app/out/vs/workbench/services/extensions/node/extensionHostProcess.js:114:32222)
	at Function.p._load (/snap/code/85/usr/share/code/resources/app/out/vs/workbench/services/extensions/node/extensionHostProcess.js:114:28887)
	at Function.f._load (/snap/code/85/usr/share/code/resources/app/out/vs/workbench/services/extensions/node/extensionHostProcess.js:104:61699)
	at Module.require (internal/modules/cjs/loader.js:1006:19)
	at h (/snap/code/85/usr/share/code/resources/app/out/vs/loader.js:4:699)
	at load (/root/.vscode/extensions/ms-toolsai.jupyter-2021.11.1001550889/out/client/node_modules/node-gyp-build/index.js:21:10)
	at Object.<anonymous> (/root/.vscode/extensions/ms-toolsai.jupyter-2021.11.1001550889/out/client/node_modules/zeromq/lib/native.js:6:43)
	at Module.u._compile (/snap/code/85/usr/share/code/resources/app/out/vs/loader.js:4:1316)
	at Object.Module._extensions..js (internal/modules/cjs/loader.js:1155:10)
	at Module.load (internal/modules/cjs/loader.js:982:32)
	at Module._load (internal/modules/cjs/loader.js:823:14)
	at Function.f._load (electron/js2c/asar_bundle.js:5:12913)
	at Function.t._load (/snap/code/85/usr/share/code/resources/app/out/vs/workbench/services/extensions/node/extensionHostProcess.js:114:32222)
	at Function.p._load (/snap/code/85/usr/share/code/resources/app/out/vs/workbench/services/extensions/node/extensionHostProcess.js:114:28887)
	at Function.f._load (/snap/code/85/usr/share/code/resources/app/out/vs/workbench/services/extensions/node/extensionHostProcess.js:104:61699)
	at Module.require (internal/modules/cjs/loader.js:1006:19)
	at h (/snap/code/85/usr/share/code/resources/app/out/vs/loader.js:4:699)
	at Object.<anonymous> (/root/.vscode/extensions/ms-toolsai.jupyter-2021.11.1001550889/out/client/node_modules/zeromq/lib/index.js:3:16)
	at Module.u._compile (/snap/code/85/usr/share/code/resources/app/out/vs/loader.js:4:1316)
	at Object.Module._extensions..js (internal/modules/cjs/loader.js:1155:10)
	at Module.load (internal/modules/cjs/loader.js:982:32)
	at Module._load (internal/modules/cjs/loader.js:823:14)
	at Function.f._load (electron/js2c/asar_bundle.js:5:12913)
	at Function.t._load (/snap/code/85/usr/share/code/resources/app/out/vs/workbench/services/extensions/node/extensionHostProcess.js:114:32222)
	at Function.p._load (/snap/code/85/usr/share/code/resources/app/out/vs/workbench/services/extensions/node/extensionHostProcess.js:114:28887)
	at Function.f._load (/snap/code/85/usr/share/code/resources/app/out/vs/workbench/services/extensions/node/extensionHostProcess.js:104:61699)
	at Module.require (internal/modules/cjs/loader.js:1006:19)
	at h (/snap/code/85/usr/share/code/resources/app/out/vs/loader.js:4:699)
	at Object.<anonymous> (/root/.vscode/extensions/ms-toolsai.jupyter-2021.11.1001550889/out/client/extension.js:51:189136)
	at n (/root/.vscode/extensions/ms-toolsai.jupyter-2021.11.1001550889/out/client/extension.js:1:186)
	at d.zmqSupported (/root/.vscode/extensions/ms-toolsai.jupyter-2021.11.1001550889/out/client/extension.js:104:269062)
	at d.isSupportedForLocalLaunch (/root/.vscode/extensions/ms-toolsai.jupyter-2021.11.1001550889/out/client/extension.js:104:268710)
	at d.get isSupported [as isSupported] (/root/.vscode/extensions/ms-toolsai.jupyter-2021.11.1001550889/out/client/extension.js:104:268620)
	at t.registerTypes (/root/.vscode/extensions/ms-toolsai.jupyter-2021.11.1001550889/out/client/extension.js:66:1067484)
	at /root/.vscode/extensions/ms-toolsai.jupyter-2021.11.1001550889/out/client/extension.js:66:245321
	at processTicksAndRejections (internal/process/task_queues.js:93:5)
	at async /root/.vscode/extensions/ms-toolsai.jupyter-2021.11.1001550889/out/client/extension.js:51:746357
	at async t.activate (/root/.vscode/extensions/ms-toolsai.jupyter-2021.11.1001550889/out/client/extension.js:51:746036)
	at async Promise.all (index 3)]
Error 11:27:18: Jupyter Extension (Error in Failed to update settings.json, method:fixSettingsFile): [EntryNotFound (FileSystemError): Unable to read file '/root/.config/Code/User/settings.json' (Error: Unable to resolve nonexistent file '/root/.config/Code/User/settings.json')
	at Function._handleError (/snap/code/85/usr/share/code/resources/app/out/vs/workbench/services/extensions/node/extensionHostProcess.js:95:84547)
	at Object.readFile (/snap/code/85/usr/share/code/resources/app/out/vs/workbench/services/extensions/node/extensionHostProcess.js:95:83461)
	at processTicksAndRejections (internal/process/task_queues.js:93:5)
	at async m.readFile (/root/.vscode/extensions/ms-toolsai.jupyter-2021.11.1001550889/out/client/extension.js:104:380788)
	at async g.fixSettingsFile (/root/.vscode/extensions/ms-toolsai.jupyter-2021.11.1001550889/out/client/extension.js:66:537959)
	at async Promise.all (index 0)
	at async g.updateSettings (/root/.vscode/extensions/ms-toolsai.jupyter-2021.11.1001550889/out/client/extension.js:66:539709)] {
  code: 'FileNotFound'
}
Error 11:27:18: Jupyter Extension (Error in Failed to update settings.json, method:fixSettingsFile): [EntryNotFound (FileSystemError): Unable to read file '/home/dev/Desktop/.vscode/settings.json' (Error: Unable to resolve nonexistent file '/home/dev/Desktop/.vscode/settings.json')
	at Function._handleError (/snap/code/85/usr/share/code/resources/app/out/vs/workbench/services/extensions/node/extensionHostProcess.js:95:84547)
	at Object.readFile (/snap/code/85/usr/share/code/resources/app/out/vs/workbench/services/extensions/node/extensionHostProcess.js:95:83461)
	at processTicksAndRejections (internal/process/task_queues.js:93:5)
	at async m.readFile (/root/.vscode/extensions/ms-toolsai.jupyter-2021.11.1001550889/out/client/extension.js:104:380788)
	at async g.fixSettingsFile (/root/.vscode/extensions/ms-toolsai.jupyter-2021.11.1001550889/out/client/extension.js:66:537959)
	at async Promise.all (index 1)
	at async g.updateSettings (/root/.vscode/extensions/ms-toolsai.jupyter-2021.11.1001550889/out/client/extension.js:66:539709)] {
  code: 'FileNotFound'
}
Info 11:27:20: Experiment status for python is {"enabled":true,"optInto":[],"optOutFrom":[]}
Info 11:27:21: Process Execution: > /bin/python3.9 -m pip list
> /bin/python3.9 -m pip list
Info 11:27:21: Process Execution: > /bin/python3.9 -c "import jupyter"
> /bin/python3.9 -c "import jupyter"
Info 11:27:21: Process Execution: > /bin/python3.9 -c "import notebook"
> /bin/python3.9 -c "import notebook"
